<?xml version="1.0" encoding="UTF-8"?>
<!-- Generated by org.testng.reporters.JUnitXMLReporter -->
<testsuite ignored="0" hostname="DESKTOP-0N219U8" failures="1" tests="1" name="Test" time="7.311" errors="0" timestamp="2022-10-07T19:57:32 IST">
  <testcase classname="com.crm.Organisation.CreateOrganisation" name="CreateOrganisations" time="0.043">
    <failure type="java.lang.AssertionError" message="expected [true] but found [false]">
      <![CDATA[java.lang.AssertionError: expected [true] but found [false]
at com.crm.Organisation.CreateOrganisation.CreateOrganisations(CreateOrganisation.java:31)
at java.base/java.util.ArrayList.forEach(ArrayList.java:1511)
... Removed 33 stack frames]]>
    </failure>
  </testcase> <!-- CreateOrganisations -->
</testsuite> <!-- Test -->
