<?xml version="1.0" encoding="UTF-8"?>
<!-- Generated by org.testng.reporters.JUnitXMLReporter -->
<testsuite ignored="4" hostname="DESKTOP-0N219U8" failures="0" tests="3" name="Test3" time="131.191" errors="0" timestamp="2022-10-07T09:37:36 IST">
  <testcase classname="com.crm.Product.CreateProduct" name="CreateProducts" time="29.082"/>
  <testcase classname="com.crm.Campagin.CreateCampaign" name="CreateCampaigns" time="27.476"/>
  <testcase classname="com.crm.Organisation.CreateOrganisation" name="CreateOrganisations" time="14.562"/>
  <testcase classname="com.crm.Generic_Utility.BaseClass" name="@AfterSuite AS" time="0.0">
    <ignored/>
  </testcase> <!-- @AfterSuite AS -->
  <testcase classname="com.crm.Generic_Utility.BaseClass" name="@AfterSuite AS" time="0.0">
    <ignored/>
  </testcase> <!-- @AfterSuite AS -->
  <testcase classname="com.crm.Generic_Utility.BaseClass" name="@BeforeSuite BS" time="0.0">
    <ignored/>
  </testcase> <!-- @BeforeSuite BS -->
  <testcase classname="com.crm.Generic_Utility.BaseClass" name="@BeforeSuite BS" time="0.0">
    <ignored/>
  </testcase> <!-- @BeforeSuite BS -->
</testsuite> <!-- Test3 -->
