<?xml version="1.0" encoding="UTF-8"?>
<testng-results ignored="0" total="2" passed="2" failed="0" skipped="0">
  <reporter-output>
  </reporter-output>
  <suite started-at="2022-10-14T14:05:36 IST" name="Default suite" finished-at="2022-10-14T14:06:12 IST" duration-ms="35946">
    <groups>
    </groups>
    <test started-at="2022-10-14T14:05:36 IST" name="Default test" finished-at="2022-10-14T14:06:12 IST" duration-ms="35946">
      <class name="practice.DataProviderTest">
        <test-method signature="productDetails(java.lang.String,java.lang.String)[pri:0, instance:practice.DataProviderTest@50b5ac82]" started-at="2022-10-14T14:05:36 IST" name="productDetails" data-provider="dataProviderTest" finished-at="2022-10-14T14:05:59 IST" duration-ms="22410" status="PASS">
          <params>
            <param index="0">
              <value>
                <![CDATA[bike]]>
              </value>
            </param>
            <param index="1">
              <value>
                <![CDATA[biker.com]]>
              </value>
            </param>
          </params>
          <reporter-output>
          </reporter-output>
        </test-method> <!-- productDetails -->
        <test-method signature="productDetails(java.lang.String,java.lang.String)[pri:0, instance:practice.DataProviderTest@50b5ac82]" started-at="2022-10-14T14:05:59 IST" name="productDetails" data-provider="dataProviderTest" finished-at="2022-10-14T14:06:12 IST" duration-ms="13470" status="PASS">
          <params>
            <param index="0">
              <value>
                <![CDATA[car]]>
              </value>
            </param>
            <param index="1">
              <value>
                <![CDATA[carwale.com]]>
              </value>
            </param>
          </params>
          <reporter-output>
          </reporter-output>
        </test-method> <!-- productDetails -->
      </class> <!-- practice.DataProviderTest -->
    </test> <!-- Default test -->
  </suite> <!-- Default suite -->
</testng-results>
